Started GET "/users" for ::1 at 2019-08-24 14:50:13 +0200
  [1m[35m (14.8ms)[0m  [1m[35mSET NAMES utf8mb4,  @@SESSION.sql_mode = CONCAT(CONCAT(@@sql_mode, ',STRICT_ALL_TABLES'), ',NO_AUTO_VALUE_ON_ZERO'),  @@SESSION.sql_auto_is_null = 0, @@SESSION.wait_timeout = 2147483[0m
  [1m[35m (1.1ms)[0m  [1m[34mSELECT `schema_migrations`.`version` FROM `schema_migrations` ORDER BY `schema_migrations`.`version` ASC[0m
Processing by UsersController#index as HTML
  Rendering users/index.html.erb within layouts/application
  [1m[36mUser Load (1.3ms)[0m  [1m[34mSELECT `users`.* FROM `users`[0m
  ↳ app/views/users/index.html.erb:15
  Rendered users/index.html.erb within layouts/application (Duration: 8.6ms | Allocations: 4816)
Completed 200 OK in 838ms (Views: 829.7ms | ActiveRecord: 2.1ms | Allocations: 1361349)


Started GET "/users/new" for ::1 at 2019-08-24 14:50:18 +0200
Processing by UsersController#new as HTML
  Rendering users/new.html.erb within layouts/application
  Rendered users/_form.html.erb (Duration: 19.8ms | Allocations: 5177)
  Rendered users/new.html.erb within layouts/application (Duration: 22.2ms | Allocations: 5537)
Completed 200 OK in 33ms (Views: 29.7ms | ActiveRecord: 0.0ms | Allocations: 12323)


Started GET "/versions" for ::1 at 2019-08-24 14:50:24 +0200
Processing by VersionsController#index as HTML
  Rendering versions/index.html.erb within layouts/application
  [1m[36mVersion Load (3.3ms)[0m  [1m[34mSELECT `versions`.* FROM `versions` LIMIT 50[0m
  ↳ app/views/versions/index.html.erb:20
  Rendered versions/index.html.erb within layouts/application (Duration: 7.3ms | Allocations: 2259)
Completed 200 OK in 28ms (Views: 21.2ms | ActiveRecord: 3.8ms | Allocations: 9806)


Started GET "/versions/new" for ::1 at 2019-08-24 14:50:27 +0200
Processing by VersionsController#new as HTML
  Rendering versions/new.html.erb within layouts/application
  Rendered versions/_form.html.erb (Duration: 2.9ms | Allocations: 1561)
  Rendered versions/new.html.erb within layouts/application (Duration: 4.2ms | Allocations: 1902)
Completed 200 OK in 43ms (Views: 13.1ms | ActiveRecord: 2.4ms | Allocations: 16851)


Started POST "/versions" for ::1 at 2019-08-24 14:50:31 +0200
Processing by VersionsController#create as HTML
  Parameters: {"authenticity_token"=>"bDgbwlToR6zfTlcW0GlhGNNO4McCAeFO9B0PB7UXWIXf8eaCU8qJUVBPI91/lmEDknokV6bdFUmEJ+V0zDUj4g==", "version"=>{"item_type"=>"ada", "item_id"=>"545s4", "integer"=>"21"}, "commit"=>"Create Version"}
[31mUnpermitted parameters: :item_id, :integer[0m
  [1m[35m (0.2ms)[0m  [1m[35mBEGIN[0m
  ↳ app/controllers/versions_controller.rb:30:in `block in create'
  [1m[36mVersion Create (2.8ms)[0m  [1m[32mINSERT INTO `versions` (`item_type`, `created_at`, `updated_at`) VALUES ('ada', '2019-08-24 12:50:31.518109', '2019-08-24 12:50:31.518109')[0m
  ↳ app/controllers/versions_controller.rb:30:in `block in create'
  [1m[35m (0.2ms)[0m  [1m[31mROLLBACK[0m
  ↳ app/controllers/versions_controller.rb:30:in `block in create'
Completed 500 Internal Server Error in 9ms (ActiveRecord: 3.2ms | Allocations: 4621)


  
ActiveRecord::NotNullViolation (Mysql2::Error: Field 'item_id' doesn't have a default value):
  
app/controllers/versions_controller.rb:30:in `block in create'
app/controllers/versions_controller.rb:29:in `create'
Started GET "/versions" for ::1 at 2019-08-24 14:50:35 +0200
Processing by VersionsController#index as HTML
  Rendering versions/index.html.erb within layouts/application
  [1m[36mVersion Load (0.7ms)[0m  [1m[34mSELECT `versions`.* FROM `versions` LIMIT 50[0m
  ↳ app/views/versions/index.html.erb:20
  Rendered versions/index.html.erb within layouts/application (Duration: 3.1ms | Allocations: 773)
Completed 200 OK in 16ms (Views: 12.6ms | ActiveRecord: 0.7ms | Allocations: 7395)


